# JRE version: OpenJDK Runtime Environment (21.0.5) (build 21.0.5+-12932927-b750.29)
# Java VM: OpenJDK 64-Bit Server VM (21.0.5+-12932927-b750.29, mixed mode, tiered, compressed oops, compressed class ptrs, g1 gc, windows-amd64)
GC Precious Log:
 CardTable entry size: 512
 Card Set container configuration: InlinePtr #cards 5 size 8 Array Of Cards #cards 12 size 40 Howl #buckets 4 coarsen threshold 1843 Howl Bitmap #cards 512 size 80 coarsen threshold 460 Card regions per heap region 1 cards per card region 2048
 CPUs: 4 total, 4 available
 Memory: 12028M
 Large Page Support: Disabled
 NUMA Support: Disabled
 Compressed Oops: Enabled (32-bit)
 Heap Region Size: 1M
 Heap Min Capacity: 8M
 Heap Initial Capacity: 188M
 Heap Max Capacity: 2G
 Pre-touch: Disabled
 Parallel Workers: 4
 Concurrent Workers: 1
 Concurrent Refinement Workers: 4
 Periodic GC: Disabled
Heap:
 garbage-first heap   total 305152K, used 224154K [0x0000000080000000, 0x0000000100000000)
  region size 1024K, 30 young (30720K), 3 survivors (3072K)
 Metaspace       used 128565K, committed 130176K, reserved 1179648K
  class space    used 16337K, committed 17280K, reserved 1048576K
GC Heap History (20 events):
Event: 29.292 GC heap before
{Heap before GC invocations=44 (full 0):
 garbage-first heap   total 258048K, used 218927K [0x0000000080000000, 0x0000000100000000)
  region size 1024K, 72 young (73728K), 7 survivors (7168K)
 Metaspace       used 120466K, committed 122752K, reserved 1179648K
  class space    used 15811K, committed 16960K, reserved 1048576K
}
Event: 29.304 GC heap after
{Heap after GC invocations=45 (full 0):
 garbage-first heap   total 258048K, used 157216K [0x0000000080000000, 0x0000000100000000)
  region size 1024K, 5 young (5120K), 5 survivors (5120K)
 Metaspace       used 120466K, committed 122752K, reserved 1179648K
  class space    used 15811K, committed 16960K, reserved 1048576K
}
Event: 2783.747 GC heap before
{Heap before GC invocations=45 (full 0):
 garbage-first heap   total 258048K, used 236064K [0x0000000080000000, 0x0000000100000000)
  region size 1024K, 83 young (84992K), 5 survivors (5120K)
 Metaspace       used 123635K, committed 125952K, reserved 1179648K
  class space    used 16050K, committed 17216K, reserved 1048576K
}
Event: 2783.918 GC heap after
{Heap after GC invocations=46 (full 0):
 garbage-first heap   total 258048K, used 155537K [0x0000000080000000, 0x0000000100000000)
  region size 1024K, 5 young (5120K), 5 survivors (5120K)
 Metaspace       used 123635K, committed 125952K, reserved 1179648K
  class space    used 16050K, committed 17216K, reserved 1048576K
}
Event: 6211.203 GC heap before
{Heap before GC invocations=46 (full 0):
 garbage-first heap   total 258048K, used 237457K [0x0000000080000000, 0x0000000100000000)
  region size 1024K, 85 young (87040K), 5 survivors (5120K)
 Metaspace       used 123880K, committed 126144K, reserved 1179648K
  class space    used 16063K, committed 17216K, reserved 1048576K
}
Event: 6211.227 GC heap after
{Heap after GC invocations=47 (full 0):
 garbage-first heap   total 258048K, used 158161K [0x0000000080000000, 0x0000000100000000)
  region size 1024K, 7 young (7168K), 7 survivors (7168K)
 Metaspace       used 123880K, committed 126144K, reserved 1179648K
  class space    used 16063K, committed 17216K, reserved 1048576K
}
Event: 6214.750 GC heap before
{Heap before GC invocations=48 (full 0):
 garbage-first heap   total 265216K, used 235985K [0x0000000080000000, 0x0000000100000000)
  region size 1024K, 83 young (84992K), 7 survivors (7168K)
 Metaspace       used 121747K, committed 126336K, reserved 1179648K
  class space    used 15417K, committed 17216K, reserved 1048576K
}
Event: 6214.780 GC heap after
{Heap after GC invocations=49 (full 0):
 garbage-first heap   total 265216K, used 166757K [0x0000000080000000, 0x0000000100000000)
  region size 1024K, 11 young (11264K), 11 survivors (11264K)
 Metaspace       used 121747K, committed 126336K, reserved 1179648K
  class space    used 15417K, committed 17216K, reserved 1048576K
}
Event: 9482.919 GC heap before
{Heap before GC invocations=49 (full 0):
 garbage-first heap   total 265216K, used 239461K [0x0000000080000000, 0x0000000100000000)
  region size 1024K, 82 young (83968K), 11 survivors (11264K)
 Metaspace       used 122038K, committed 126336K, reserved 1179648K
  class space    used 15463K, committed 17216K, reserved 1048576K
}
Event: 9483.002 GC heap after
{Heap after GC invocations=50 (full 0):
 garbage-first heap   total 265216K, used 164714K [0x0000000080000000, 0x0000000100000000)
  region size 1024K, 2 young (2048K), 2 survivors (2048K)
 Metaspace       used 122038K, committed 126336K, reserved 1179648K
  class space    used 15463K, committed 17216K, reserved 1048576K
}
Event: 13923.148 GC heap before
{Heap before GC invocations=50 (full 0):
 garbage-first heap   total 265216K, used 248682K [0x0000000080000000, 0x0000000100000000)
  region size 1024K, 84 young (86016K), 2 survivors (2048K)
 Metaspace       used 122040K, committed 126336K, reserved 1179648K
  class space    used 15463K, committed 17216K, reserved 1048576K
}
Event: 13923.234 GC heap after
{Heap after GC invocations=51 (full 0):
 garbage-first heap   total 265216K, used 161751K [0x0000000080000000, 0x0000000100000000)
  region size 1024K, 1 young (1024K), 1 survivors (1024K)
 Metaspace       used 122040K, committed 126336K, reserved 1179648K
  class space    used 15463K, committed 17216K, reserved 1048576K
}
Event: 15836.623 GC heap before
{Heap before GC invocations=51 (full 0):
 garbage-first heap   total 265216K, used 247767K [0x0000000080000000, 0x0000000100000000)
  region size 1024K, 86 young (88064K), 1 survivors (1024K)
 Metaspace       used 123553K, committed 126400K, reserved 1179648K
  class space    used 15721K, committed 17216K, reserved 1048576K
}
Event: 15836.644 GC heap after
{Heap after GC invocations=52 (full 0):
 garbage-first heap   total 265216K, used 167674K [0x0000000080000000, 0x0000000100000000)
  region size 1024K, 7 young (7168K), 7 survivors (7168K)
 Metaspace       used 123553K, committed 126400K, reserved 1179648K
  class space    used 15721K, committed 17216K, reserved 1048576K
}
Event: 15839.456 GC heap before
{Heap before GC invocations=53 (full 0):
 garbage-first heap   total 281600K, used 241402K [0x0000000080000000, 0x0000000100000000)
  region size 1024K, 79 young (80896K), 7 survivors (7168K)
 Metaspace       used 126040K, committed 127808K, reserved 1179648K
  class space    used 16117K, committed 17216K, reserved 1048576K
}
Event: 15839.481 GC heap after
{Heap after GC invocations=54 (full 0):
 garbage-first heap   total 281600K, used 176674K [0x0000000080000000, 0x0000000100000000)
  region size 1024K, 9 young (9216K), 9 survivors (9216K)
 Metaspace       used 126040K, committed 127808K, reserved 1179648K
  class space    used 16117K, committed 17216K, reserved 1048576K
}
Event: 15844.395 GC heap before
{Heap before GC invocations=54 (full 0):
 garbage-first heap   total 281600K, used 264738K [0x0000000080000000, 0x0000000100000000)
  region size 1024K, 87 young (89088K), 9 survivors (9216K)
 Metaspace       used 128248K, committed 129920K, reserved 1179648K
  class space    used 16314K, committed 17280K, reserved 1048576K
}
Event: 15844.469 GC heap after
{Heap after GC invocations=55 (full 0):
 garbage-first heap   total 305152K, used 197018K [0x0000000080000000, 0x0000000100000000)
  region size 1024K, 11 young (11264K), 11 survivors (11264K)
 Metaspace       used 128248K, committed 129920K, reserved 1179648K
  class space    used 16314K, committed 17280K, reserved 1048576K
}
Event: 15847.241 GC heap before
{Heap before GC invocations=55 (full 0):
 garbage-first heap   total 305152K, used 215450K [0x0000000080000000, 0x0000000100000000)
  region size 1024K, 22 young (22528K), 11 survivors (11264K)
 Metaspace       used 128489K, committed 130176K, reserved 1179648K
  class space    used 16335K, committed 17280K, reserved 1048576K
}
Event: 15847.282 GC heap after
{Heap after GC invocations=56 (full 0):
 garbage-first heap   total 305152K, used 198554K [0x0000000080000000, 0x0000000100000000)
  region size 1024K, 3 young (3072K), 3 survivors (3072K)
 Metaspace       used 128489K, committed 130176K, reserved 1179648K
  class space    used 16335K, committed 17280K, reserved 1048576K
}

